<?xml version="1.0" encoding="UTF-8"?>
<!-- Generated by org.testng.reporters.JUnitReportReporter -->
<testsuite skipped="0" hostname="P3ALAP-FNNVMF2" name="pkg.DevOpsTest" tests="2" failures="0" timestamp="20 Jan 2020 10:09:47 GMT" time="12.731" errors="0">
  <testcase name="openBrowser" time="10.757" classname="pkg.DevOpsTest"/>
  <testcase name="openBrowserNext" time="1.974" classname="pkg.DevOpsTest"/>
</testsuite> <!-- pkg.DevOpsTest -->
